[0m20:21:47.319597 [debug] [MainThread]: Sending event: {'category': 'dbt', 'action': 'invocation', 'label': 'start', 'context': [<snowplow_tracker.self_describing_json.SelfDescribingJson object at 0x0000023466097FD0>, <snowplow_tracker.self_describing_json.SelfDescribingJson object at 0x00000234690E1550>, <snowplow_tracker.self_describing_json.SelfDescribingJson object at 0x00000234690E1310>]}


============================== 20:21:47.328318 | 356f772f-2fcc-4a8e-bb97-fe7a717de583 ==============================
[0m20:21:47.328318 [info ] [MainThread]: Running with dbt=1.6.6
[0m20:21:47.329338 [debug] [MainThread]: running dbt with arguments {'printer_width': '80', 'indirect_selection': 'eager', 'write_json': 'True', 'log_cache_events': 'False', 'partial_parse': 'True', 'cache_selected_only': 'False', 'warn_error': 'None', 'fail_fast': 'False', 'debug': 'False', 'log_path': 'logs', 'profiles_dir': 'C:\\Users\\Administrator\\.dbt', 'version_check': 'True', 'use_colors': 'True', 'use_experimental_parser': 'False', 'no_print': 'None', 'quiet': 'False', 'warn_error_options': 'WarnErrorOptions(include=[], exclude=[])', 'static_parser': 'True', 'invocation_command': 'dbt init', 'introspect': 'True', 'target_path': 'None', 'log_format': 'default', 'send_anonymous_usage_stats': 'True'}
[0m20:22:35.944843 [debug] [MainThread]: Starter project path: C:\Users\Administrator\AppData\Local\Programs\Python\Python39\lib\site-packages\dbt\include\starter_project
[0m20:22:36.268451 [info ] [MainThread]: 
Your new dbt project "credix_dbt" was created!

For more information on how to configure the profiles.yml file,
please consult the dbt documentation here:

  https://docs.getdbt.com/docs/configure-your-profile

One more thing:

Need help? Don't hesitate to reach out to us via GitHub issues or on Slack:

  https://community.getdbt.com/

Happy modeling!

[0m20:22:36.271471 [info ] [MainThread]: Setting up your profile.
[0m20:22:45.185039 [error] [MainThread]: Encountered an error:

[0m20:22:45.199155 [error] [MainThread]: Traceback (most recent call last):
  File "C:\Users\Administrator\AppData\Local\Programs\Python\Python39\lib\site-packages\dbt\cli\requires.py", line 87, in wrapper
    result, success = func(*args, **kwargs)
  File "C:\Users\Administrator\AppData\Local\Programs\Python\Python39\lib\site-packages\dbt\cli\requires.py", line 72, in wrapper
    return func(*args, **kwargs)
  File "C:\Users\Administrator\AppData\Local\Programs\Python\Python39\lib\site-packages\dbt\cli\main.py", line 484, in init
    results = task.run()
  File "C:\Users\Administrator\AppData\Local\Programs\Python\Python39\lib\site-packages\dbt\task\init.py", line 307, in run
    adapter = self.ask_for_adapter_choice()
  File "C:\Users\Administrator\AppData\Local\Programs\Python\Python39\lib\site-packages\dbt\task\init.py", line 233, in ask_for_adapter_choice
    numeric_choice = click.prompt(prompt_msg, type=click.INT)
  File "C:\Users\Administrator\AppData\Local\Programs\Python\Python39\lib\site-packages\click\termui.py", line 164, in prompt
    value = prompt_func(prompt)
  File "C:\Users\Administrator\AppData\Local\Programs\Python\Python39\lib\site-packages\click\termui.py", line 147, in prompt_func
    raise Abort() from None
click.exceptions.Abort

[0m20:22:45.206506 [debug] [MainThread]: Command `dbt init` failed at 20:22:45.206362 after 57.92 seconds
[0m20:22:45.208208 [debug] [MainThread]: Sending event: {'category': 'dbt', 'action': 'invocation', 'label': 'end', 'context': [<snowplow_tracker.self_describing_json.SelfDescribingJson object at 0x0000023466097FD0>, <snowplow_tracker.self_describing_json.SelfDescribingJson object at 0x00000234690E14F0>, <snowplow_tracker.self_describing_json.SelfDescribingJson object at 0x00000234690E1460>]}
[0m20:22:45.210950 [debug] [MainThread]: Flushing usage events
[0m20:23:35.309513 [debug] [MainThread]: Sending event: {'category': 'dbt', 'action': 'invocation', 'label': 'start', 'context': [<snowplow_tracker.self_describing_json.SelfDescribingJson object at 0x00000252E36D09A0>, <snowplow_tracker.self_describing_json.SelfDescribingJson object at 0x00000252E8322520>, <snowplow_tracker.self_describing_json.SelfDescribingJson object at 0x00000252E83222E0>]}


============================== 20:23:35.316051 | 6cf1a18d-47c3-4787-b0f8-e358de55e2b5 ==============================
[0m20:23:35.316051 [info ] [MainThread]: Running with dbt=1.6.6
[0m20:23:35.318049 [debug] [MainThread]: running dbt with arguments {'printer_width': '80', 'indirect_selection': 'eager', 'log_cache_events': 'False', 'write_json': 'True', 'partial_parse': 'True', 'cache_selected_only': 'False', 'warn_error': 'None', 'debug': 'False', 'version_check': 'True', 'log_path': 'logs', 'profiles_dir': 'C:\\Users\\Administrator\\.dbt', 'fail_fast': 'False', 'use_colors': 'True', 'use_experimental_parser': 'False', 'no_print': 'None', 'quiet': 'False', 'log_format': 'default', 'introspect': 'True', 'static_parser': 'True', 'invocation_command': 'dbt init', 'target_path': 'None', 'warn_error_options': 'WarnErrorOptions(include=[], exclude=[])', 'send_anonymous_usage_stats': 'True'}
[0m20:25:00.459077 [debug] [MainThread]: Starter project path: C:\Users\Administrator\AppData\Local\Programs\Python\Python39\lib\site-packages\dbt\include\starter_project
[0m20:25:00.769293 [info ] [MainThread]: 
Your new dbt project "dbt_credix" was created!

For more information on how to configure the profiles.yml file,
please consult the dbt documentation here:

  https://docs.getdbt.com/docs/configure-your-profile

One more thing:

Need help? Don't hesitate to reach out to us via GitHub issues or on Slack:

  https://community.getdbt.com/

Happy modeling!

[0m20:25:00.772822 [info ] [MainThread]: Setting up your profile.
[0m20:29:02.761426 [info ] [MainThread]: Profile dbt_credix written to C:\Users\Administrator\.dbt\profiles.yml using target's profile_template.yml and your supplied values. Run 'dbt debug' to validate the connection.
[0m20:29:02.764904 [debug] [MainThread]: Command `dbt init` succeeded at 20:29:02.764396 after 327.48 seconds
[0m20:29:02.766125 [debug] [MainThread]: Sending event: {'category': 'dbt', 'action': 'invocation', 'label': 'end', 'context': [<snowplow_tracker.self_describing_json.SelfDescribingJson object at 0x00000252E36D09A0>, <snowplow_tracker.self_describing_json.SelfDescribingJson object at 0x00000252E83538B0>, <snowplow_tracker.self_describing_json.SelfDescribingJson object at 0x00000252E83229A0>]}
[0m20:29:02.768206 [debug] [MainThread]: Flushing usage events
